
> editorial-assistant-dashboard@0.1.0 dev
> vite


  VITE v6.4.1  ready in 830 ms

  ➜  Local:   http://localhost:3000/
  ➜  Network: use --host to expose
5:28:43 PM [vite] vite.config.ts changed, restarting server...
5:28:43 PM [vite] server restarted.

> editorial-assistant-dashboard@0.1.0 dev
> vite


  VITE v6.4.1  ready in 137 ms

  ➜  Local:   http://localhost:3000/
  ➜  Network: use --host to expose
5:38:55 PM [vite] (client) hmr update /src/components/Layout.tsx, /src/index.css
6:11:04 PM [vite] (client) hmr update /src/pages/Settings.tsx, /src/index.css
6:11:09 PM [vite] (client) hmr update /src/pages/Settings.tsx, /src/index.css
6:11:15 PM [vite] (client) hmr update /src/pages/Settings.tsx, /src/index.css
6:11:50 PM [vite] (client) hmr update /src/pages/Settings.tsx, /src/index.css
6:12:00 PM [vite] (client) hmr update /src/components/Layout.tsx, /src/index.css
6:12:07 PM [vite] (client) hmr update /src/components/Layout.tsx, /src/index.css
6:12:16 PM [vite] (client) hmr update /src/pages/Queue.tsx, /src/index.css
6:12:17 PM [vite] (client) hmr update /src/App.tsx, /src/index.css
6:12:20 PM [vite] (client) hmr update /src/pages/Queue.tsx, /src/index.css
6:12:23 PM [vite] (client) hmr update /src/index.css
6:12:29 PM [vite] (client) hmr update /src/index.css
6:12:33 PM [vite] (client) hmr update /src/pages/Queue.tsx, /src/index.css
6:12:38 PM [vite] (client) hmr update /src/index.css
6:12:43 PM [vite] (client) hmr update /src/pages/Queue.tsx, /src/index.css
6:13:01 PM [vite] (client) hmr update /src/pages/Queue.tsx, /src/index.css
6:13:10 PM [vite] (client) hmr update /src/pages/Queue.tsx, /src/index.css
6:13:25 PM [vite] (client) hmr update /src/pages/Queue.tsx, /src/index.css
6:13:49 PM [vite] (client) hmr update /src/pages/Home.tsx, /src/index.css
11:52:01 PM [vite] (client) hmr update /src/index.css, /src/pages/Queue.tsx, /src/pages/Home.tsx
11:52:01 PM [vite] (client) hmr update /src/components/TranscriptUploader.tsx, /src/index.css
12:08:07 AM [vite] (client) hmr update /src/index.css, /src/pages/Home.tsx, /src/pages/Queue.tsx, /src/pages/Projects.tsx, /src/pages/JobDetail.tsx, /src/components/StatusBar.tsx
12:08:14 AM [vite] (client) hmr update /src/index.css, /src/pages/Home.tsx, /src/pages/Queue.tsx, /src/pages/Projects.tsx, /src/pages/JobDetail.tsx, /src/components/StatusBar.tsx
12:08:23 AM [vite] (client) hmr update /src/index.css, /src/pages/Home.tsx, /src/pages/Queue.tsx, /src/pages/Projects.tsx, /src/pages/JobDetail.tsx, /src/components/StatusBar.tsx
12:08:29 AM [vite] (client) hmr update /src/index.css, /src/pages/Home.tsx, /src/pages/Queue.tsx, /src/pages/Projects.tsx, /src/pages/JobDetail.tsx, /src/components/StatusBar.tsx
12:08:35 AM [vite] (client) hmr update /src/index.css, /src/pages/Home.tsx, /src/pages/Queue.tsx, /src/pages/Projects.tsx, /src/pages/JobDetail.tsx, /src/components/StatusBar.tsx
12:08:41 AM [vite] (client) hmr update /src/index.css, /src/pages/Home.tsx, /src/pages/Queue.tsx, /src/pages/Projects.tsx, /src/pages/JobDetail.tsx, /src/components/StatusBar.tsx
1:33:29 AM [vite] (client) hmr update /src/pages/Settings.tsx, /src/index.css
1:33:38 AM [vite] (client) hmr update /src/pages/Settings.tsx, /src/index.css
1:33:49 AM [vite] (client) hmr update /src/pages/Settings.tsx, /src/index.css
1:34:25 AM [vite] (client) hmr update /src/pages/Settings.tsx, /src/index.css
1:37:38 AM [vite] http proxy error: /api/queue/?page=1&page_size=50&sort=newest
Error: connect ECONNREFUSED 127.0.0.1:8000
    at TCPConnectWrap.afterConnect [as oncomplete] (node:net:1637:16)
1:37:38 AM [vite] http proxy error: /api/queue/stats
Error: connect ECONNREFUSED 127.0.0.1:8000
    at TCPConnectWrap.afterConnect [as oncomplete] (node:net:1637:16)
1:37:39 AM [vite] http proxy error: /api/system/health
Error: connect ECONNREFUSED 127.0.0.1:8000
    at TCPConnectWrap.afterConnect [as oncomplete] (node:net:1637:16)
12:38:48 PM [vite] (client) hmr update /src/pages/JobDetail.tsx, /src/index.css
12:39:00 PM [vite] (client) hmr update /src/pages/JobDetail.tsx, /src/index.css
12:39:06 PM [vite] (client) hmr update /src/pages/JobDetail.tsx, /src/index.css
2:01:03 PM [vite] (client) hmr update /src/pages/Projects.tsx, /src/index.css
2:01:09 PM [vite] (client) hmr update /src/pages/Projects.tsx, /src/index.css
2:01:17 PM [vite] (client) hmr update /src/pages/Projects.tsx, /src/index.css
2:01:31 PM [vite] (client) hmr update /src/pages/Projects.tsx, /src/index.css
2:05:44 PM [vite] (client) hmr update /src/pages/Projects.tsx, /src/index.css
2:05:57 PM [vite] http proxy error: /api/system/health
Error: connect ECONNREFUSED 127.0.0.1:8000
    at TCPConnectWrap.afterConnect [as oncomplete] (node:net:1637:16)
1:00:44 PM [vite] (client) hmr update /src/pages/JobDetail.tsx, /src/index.css
1:01:00 PM [vite] (client) hmr update /src/pages/JobDetail.tsx, /src/index.css
1:01:36 PM [vite] (client) hmr update /src/pages/JobDetail.tsx, /src/index.css
1:02:07 PM [vite] (client) hmr update /src/pages/JobDetail.tsx, /src/index.css
6:32:48 PM [vite] (client) hmr update /src/pages/JobDetail.tsx, /src/index.css
6:33:02 PM [vite] (client) hmr update /src/pages/JobDetail.tsx, /src/index.css
6:33:02 PM [vite] (client) hmr update /src/pages/Projects.tsx, /src/index.css
6:33:02 PM [vite] (client) ✨ new dependencies optimized: remark-gfm
6:33:02 PM [vite] (client) ✨ optimized dependencies changed. reloading
6:33:13 PM [vite] (client) hmr update /src/pages/Projects.tsx, /src/index.css
6:36:32 PM [vite] (client) hmr update /src/pages/JobDetail.tsx, /src/index.css
6:36:40 PM [vite] (client) hmr update /src/pages/JobDetail.tsx, /src/index.css
2:21:11 PM [vite] (client) hmr update /src/pages/JobDetail.tsx, /src/index.css
2:21:24 PM [vite] (client) hmr update /src/pages/JobDetail.tsx, /src/index.css
2:21:41 PM [vite] (client) hmr update /src/pages/JobDetail.tsx, /src/index.css
